<?xml version="1.0" encoding="UTF-8"?>
<testsuite xmlns:xsi="http://www.w3.org/2001/XMLSchema-instance" xsi:noNamespaceSchemaLocation="https://maven.apache.org/surefire/maven-surefire-plugin/xsd/surefire-test-report.xsd" version="3.0.2" name="campusdrive.InMemoryFileStoreTest" time="0.065" tests="6" errors="0" skipped="0" failures="0" flakes="0">
  <properties>
[...]
</properties>
  <testcase name="deleteRemovesEntry" classname="campusdrive.InMemoryFileStoreTest" time="0.013"/>
  <testcase name="listReturnsOnlyMatchingPrefix" classname="campusdrive.InMemoryFileStoreTest" time="0.003"/>
  <testcase name="appendCreatesNewEntry" classname="campusdrive.InMemoryFileStoreTest" time="0.012"/>
  <testcase name="appendConcatenatesExistingEntry" classname="campusdrive.InMemoryFileStoreTest" time="0.004"/>
  <testcase name="readAllReturnsDefensiveCopy" classname="campusdrive.InMemoryFileStoreTest" time="0.002"/>
  <testcase name="unknownPathDoesNotExist" classname="campusdrive.InMemoryFileStoreTest" time="0.002"/>
</testsuite>